<?xml version="1.0" encoding="UTF-8"?>
<!-- Generated by org.testng.reporters.JUnitXMLReporter -->
<testsuite hostname="sofia" ignored="3" name="Default test" tests="2" failures="0" timestamp="18 jun 2019 14:11:47 GMT" time="28.431" errors="0">
  <testcase name="loginIncorrecto" time="3.742" classname="tests.Tests"/>
  <testcase name="pruebaTituloEnUsuario" time="0.288" classname="tests.Tests"/>
  <testcase name="login" time="0.0" classname="tests.Tests">
    <ignored/>
  </testcase> <!-- login -->
  <testcase name="pruebaTres" time="0.0" classname="tests.Tests">
    <ignored/>
  </testcase> <!-- pruebaTres -->
  <testcase name="pruebaCantidadDeCampos" time="0.0" classname="tests.Tests">
    <ignored/>
  </testcase> <!-- pruebaCantidadDeCampos -->
</testsuite> <!-- Default test -->
