<?xml version="1.0" encoding="UTF-8"?>
<!-- Generated by org.testng.reporters.JUnitXMLReporter -->
<testsuite hostname="sofia" ignored="4" name="mistests" tests="5" failures="0" timestamp="18 jun 2019 13:07:40 GMT" time="10.74" errors="0">
  <testcase name="verificarResta" time="0.028" classname="tests.Cuentas"/>
  <testcase name="verificarSuma" time="0.002" classname="tests.Cuentas"/>
  <testcase name="loginIncorrecto" time="3.463" classname="tests.Tests"/>
  <testcase name="verificarAlgo" time="0.002" classname="testsDeMorondanga.PipiCucu"/>
  <testcase name="verificarMultiplicacion" time="0.001" classname="testsDeMorondanga.PipiCucu"/>
  <testcase name="login" time="0.0" classname="tests.Tests">
    <ignored/>
  </testcase> <!-- login -->
  <testcase name="pruebaTres" time="0.0" classname="tests.Tests">
    <ignored/>
  </testcase> <!-- pruebaTres -->
  <testcase name="pruebaCantidadDeCampos" time="0.0" classname="tests.Tests">
    <ignored/>
  </testcase> <!-- pruebaCantidadDeCampos -->
  <testcase name="pruebaTituloEnUsuario" time="0.0" classname="tests.Tests">
    <ignored/>
  </testcase> <!-- pruebaTituloEnUsuario -->
</testsuite> <!-- mistests -->
