<?xml version="1.0" encoding="UTF-8"?>
<testng-results skipped="0" failed="0" ignored="3" total="5" passed="2">
  <reporter-output>
  </reporter-output>
  <suite name="Default suite" duration-ms="28431" started-at="2019-06-18T14:11:19Z" finished-at="2019-06-18T14:11:47Z">
    <groups>
    </groups>
    <test name="Default test" duration-ms="28431" started-at="2019-06-18T14:11:19Z" finished-at="2019-06-18T14:11:47Z">
      <class name="tests.Tests">
        <test-method status="PASS" signature="setUp()[pri:0, instance:tests.Tests@1e88b3c]" name="setUp" is-config="true" duration-ms="15199" started-at="2019-06-18T14:11:19Z" finished-at="2019-06-18T14:11:34Z">
          <reporter-output>
          </reporter-output>
        </test-method> <!-- setUp -->
        <test-method status="PASS" signature="loginIncorrecto()[pri:0, instance:tests.Tests@1e88b3c]" name="loginIncorrecto" duration-ms="3742" started-at="2019-06-18T14:11:34Z" description="Login Incorrecto" finished-at="2019-06-18T14:11:38Z">
          <reporter-output>
          </reporter-output>
        </test-method> <!-- loginIncorrecto -->
        <test-method status="PASS" signature="tearDown(org.testng.ITestResult)[pri:0, instance:tests.Tests@1e88b3c]" name="tearDown" is-config="true" duration-ms="1907" started-at="2019-06-18T14:11:38Z" finished-at="2019-06-18T14:11:40Z">
          <params>
            <param index="0">
              <value>
                <![CDATA[[TestResult name=loginIncorrecto status=SUCCESS method=Tests.loginIncorrecto()[pri:0, instance:tests.Tests@1e88b3c] output={null}]]]>
              </value>
            </param>
          </params>
          <reporter-output>
          </reporter-output>
        </test-method> <!-- tearDown -->
        <test-method status="PASS" signature="setUp()[pri:0, instance:tests.Tests@1e88b3c]" name="setUp" is-config="true" duration-ms="6477" started-at="2019-06-18T14:11:40Z" finished-at="2019-06-18T14:11:46Z">
          <reporter-output>
          </reporter-output>
        </test-method> <!-- setUp -->
        <test-method status="PASS" signature="pruebaTituloEnUsuario()[pri:0, instance:tests.Tests@1e88b3c]" name="pruebaTituloEnUsuario" duration-ms="288" started-at="2019-06-18T14:11:46Z" description="Verificar título correcto en el login" finished-at="2019-06-18T14:11:46Z">
          <reporter-output>
          </reporter-output>
        </test-method> <!-- pruebaTituloEnUsuario -->
        <test-method status="PASS" signature="tearDown(org.testng.ITestResult)[pri:0, instance:tests.Tests@1e88b3c]" name="tearDown" is-config="true" duration-ms="752" started-at="2019-06-18T14:11:46Z" finished-at="2019-06-18T14:11:47Z">
          <params>
            <param index="0">
              <value>
                <![CDATA[[TestResult name=pruebaTituloEnUsuario status=SUCCESS method=Tests.pruebaTituloEnUsuario()[pri:0, instance:tests.Tests@1e88b3c] output={null}]]]>
              </value>
            </param>
          </params>
          <reporter-output>
          </reporter-output>
        </test-method> <!-- tearDown -->
      </class> <!-- tests.Tests -->
    </test> <!-- Default test -->
  </suite> <!-- Default suite -->
</testng-results>
