<?xml version="1.0" encoding="UTF-8"?>
<!-- Generated by org.testng.reporters.JUnitXMLReporter -->
<testsuite hostname="sofia" ignored="3" name="Command line test" tests="2" failures="0" timestamp="04 jul 2019 12:59:57 GMT" time="28.749" errors="0">
  <testcase name="loginIncorrecto" time="3.601" classname="tests.Tests"/>
  <testcase name="pruebaTituloEnUsuario" time="0.284" classname="tests.Tests"/>
  <testcase name="login" time="0.0" classname="tests.Tests">
    <ignored/>
  </testcase> <!-- login -->
  <testcase name="pruebaTres" time="0.0" classname="tests.Tests">
    <ignored/>
  </testcase> <!-- pruebaTres -->
  <testcase name="pruebaCantidadDeCampos" time="0.0" classname="tests.Tests">
    <ignored/>
  </testcase> <!-- pruebaCantidadDeCampos -->
</testsuite> <!-- Command line test -->
